  T4_Extra.cpp
  T4_Main.cpp
  正在生成代码...
T4_Main.obj : error LNK2019: 无法解析的外部符号 "int __cdecl Func(int)" (?Func@@YAHH@Z)，函数 _main 中引用了该符号
C:\Users\Administrator\Desktop\Grammar_2\Debug\Test_4.exe : fatal error LNK1120: 1 个无法解析的外部命令
