T3_Main.obj : error LNK2005: "int __cdecl Func(int)" (?Func@@YAHH@Z) 已经在 T3_Extra.obj 中定义
C:\Users\Administrator\Desktop\Grammar_2\Debug\Test_3.exe : fatal error LNK1169: 找到一个或多个多重定义的符号
