T7.obj : error LNK2001: 无法解析的外部符号 "int num" (?num@@3HA)
C:\Users\Administrator\Desktop\Grammar\Debug\Test_7.exe : fatal error LNK1120: 1 个无法解析的外部命令
